2025-02-25 21:10:18,941 - INFO - Sender 89036666666 sent to recipient 89995676435 msg hello
2025-02-25 21:10:18,954 - INFO - Client got a response from server: {
  "status": "success",
  "message_id": "123456"
}
2025-02-25 22:06:52,153 - INFO - Sender 89036666666 sent to recipient 89995676435 msg hello
2025-02-25 22:06:52,164 - INFO - Client got a response from server: {
  "status": "success",
  "message_id": "123456"
}
2025-02-25 22:06:59,283 - INFO - Sender 89036666666 sent to recipient 89995676435 msg hello
2025-02-25 22:06:59,293 - INFO - Client got a response from server: {
  "status": "success",
  "message_id": "123456"
}
2025-02-26 13:01:48,093 - INFO - Sender 89036666666 sent to recipient 89995676435 msg hello
2025-02-26 13:01:48,147 - INFO - Client got a response from server: {
  "status": "success",
  "message_id": "123456"
}
2025-02-26 13:09:10,519 - INFO - Sender 89036666666 sent to recipient 89995676435 msg hello
2025-02-26 13:09:10,533 - INFO - Client got a response from server: {
  "status": "success",
  "message_id": "123456"
}
2025-02-26 14:10:45,907 - INFO - Sender 89036666666 sent to recipient 89995676435 msg hello
2025-02-26 14:10:45,927 - INFO - Client got a response from server: {
  "status": "success",
  "message_id": "123456"
}
2025-02-26 14:11:25,056 - INFO - Sender 89036666666 sent to recipient 89995676435 msg hello
2025-02-26 14:11:25,069 - INFO - Client got a response from server: {
  "status": "success",
  "message_id": "123456"
}
2025-02-26 14:43:27,300 - INFO - Sender 89036666666 sent to recipient 89995676435 msg hello
2025-02-26 14:43:27,314 - INFO - Client got a response from server: {
  "status": "success",
  "message_id": "123456"
}
2025-02-26 14:46:19,373 - INFO - Sender 89036666666 sent to recipient 89995676435 msg hello
2025-02-26 14:46:19,398 - INFO - Client got a response from server: {
  "status": "success",
  "message_id": "123456"
}
2025-02-26 14:48:02,806 - INFO - Sender 89036666666 sent to recipient 89995676435 msg hello
2025-02-26 14:48:02,818 - INFO - Client got a response from server: {
  "status": "success",
  "message_id": "123456"
}
2025-02-26 18:22:20,649 - INFO - Sender 89036666666 sent to recipient 89995676435 msg hello
2025-02-26 18:22:22,660 - INFO - Client got a response from server: {
  "error": "Connection failed - [WinError 10061] \u041f\u043e\u0434\u043a\u043b\u044e\u0447\u0435\u043d\u0438\u0435 \u043d\u0435 \u0443\u0441\u0442\u0430\u043d\u043e\u0432\u043b\u0435\u043d\u043e, \u0442.\u043a. \u043a\u043e\u043d\u0435\u0447\u043d\u044b\u0439 \u043a\u043e\u043c\u043f\u044c\u044e\u0442\u0435\u0440 \u043e\u0442\u0432\u0435\u0440\u0433 \u0437\u0430\u043f\u0440\u043e\u0441 \u043d\u0430 \u043f\u043e\u0434\u043a\u043b\u044e\u0447\u0435\u043d\u0438\u0435"
}
2025-02-26 19:50:03,812 - INFO - Sender 89036666666 sent to recipient 89995676435 msg hello
2025-02-26 19:50:03,823 - INFO - Client got a response from server: {
  "status": "success",
  "message_id": "123456"
}
2025-02-26 19:50:20,914 - INFO - Sender 89036666666 sent to recipient 89995676435 msg hello
2025-02-26 19:50:20,925 - INFO - Client got a response from server: {
  "status": "success",
  "message_id": "123456"
}
2025-02-26 19:50:45,695 - INFO - Sender 89036666666 sent to recipient 89995676435 msg hello
2025-02-26 19:50:45,705 - INFO - Client got a response from server: {
  "status": "success",
  "message_id": "123456"
}
